<?xml version="1.0" encoding="UTF-8"?>
<!-- Generated by org.testng.reporters.JUnitReportReporter -->
<testsuite hostname="DESKTOP-QQ8RL6I" failures="0" tests="1" name="ikame.docxreader.testsuite.TS_05_DocxReader_CheckAllLink_TabStorage_ChuaCapQuyen" time="43.656" errors="0" timestamp="11 May 2024 02:23:40 GMT">
  <testcase classname="ikame.docxreader.testsuite.TS_05_DocxReader_CheckAllLink_TabStorage_ChuaCapQuyen" name="TC_001_CheckAllLink_Storege" time="43.656"/>
</testsuite> <!-- ikame.docxreader.testsuite.TS_05_DocxReader_CheckAllLink_TabStorage_ChuaCapQuyen -->
