<?xml version="1.0" encoding="UTF-8"?>
<!-- Generated by org.testng.reporters.JUnitReportReporter -->
<testsuite hostname="DESKTOP-QQ8RL6I" failures="0" tests="1" name="org.selenium.automationtest.testsuite.TS_MyViettel_CheckAllLink_AndroidDiDong" time="7.039" errors="0" timestamp="6 May 2024 09:26:58 GMT">
  <testcase classname="org.selenium.automationtest.testsuite.TS_MyViettel_CheckAllLink_AndroidDiDong" name="TC_002_ikame_Check02" time="7.039"/>
</testsuite> <!-- org.selenium.automationtest.testsuite.TS_MyViettel_CheckAllLink_AndroidDiDong -->
