<?xml version="1.0" encoding="UTF-8"?>
<!-- Generated by org.testng.reporters.JUnitReportReporter -->
<testsuite hostname="DESKTOP-QQ8RL6I" failures="0" tests="1" name="ikame.docxreader.testsuite.TS_01_DocxReader_CheckAllLink_Language" time="44.075" errors="0" timestamp="20 May 2024 04:38:28 GMT">
  <testcase classname="ikame.docxreader.testsuite.TS_01_DocxReader_CheckAllLink_Language" name="TC_011_CheckAllLink_Language_Nga" time="44.075"/>
</testsuite> <!-- ikame.docxreader.testsuite.TS_01_DocxReader_CheckAllLink_Language -->
