<?xml version="1.0" encoding="UTF-8"?>
<!-- Generated by org.testng.reporters.JUnitReportReporter -->
<testsuite hostname="DESKTOP-QQ8RL6I" failures="0" tests="8" name="ikame.docxreader.testsuite.TS_10_DocxReader_CheckAllLink_CapQuyen" time="532.119" errors="0" timestamp="13 May 2024 01:17:54 GMT">
  <testcase classname="ikame.docxreader.testsuite.TS_10_DocxReader_CheckAllLink_CapQuyen" name="TC_005_CheckAllLink_TabHome_HWP" time="36.529"/>
  <testcase classname="ikame.docxreader.testsuite.TS_10_DocxReader_CheckAllLink_CapQuyen" name="TC_007_CheckAllLink_TabHome_SLIDES" time="75.819"/>
  <testcase classname="ikame.docxreader.testsuite.TS_10_DocxReader_CheckAllLink_CapQuyen" name="TC_003_CheckAllLink_TabHome_PDF" time="31.424"/>
  <testcase classname="ikame.docxreader.testsuite.TS_10_DocxReader_CheckAllLink_CapQuyen" name="TC_002_CheckAllLink_TabHome_ALL" time="110.949"/>
  <testcase classname="ikame.docxreader.testsuite.TS_10_DocxReader_CheckAllLink_CapQuyen" name="TC_004_CheckAllLink_TabHome_WORD" time="91.111"/>
  <testcase classname="ikame.docxreader.testsuite.TS_10_DocxReader_CheckAllLink_CapQuyen" name="TC_001_CheckAllLink_TabHome" time="57.536"/>
  <testcase classname="ikame.docxreader.testsuite.TS_10_DocxReader_CheckAllLink_CapQuyen" name="TC_008_CheckAllLink_TabHome_TEXT" time="36.347"/>
  <testcase classname="ikame.docxreader.testsuite.TS_10_DocxReader_CheckAllLink_CapQuyen" name="TC_006_CheckAllLink_TabHome_EXCELL" time="92.404"/>
</testsuite> <!-- ikame.docxreader.testsuite.TS_10_DocxReader_CheckAllLink_CapQuyen -->
