<?xml version="1.0" encoding="UTF-8"?>
<!-- Generated by org.testng.reporters.JUnitReportReporter -->
<testsuite hostname="DESKTOP-QQ8RL6I" failures="0" tests="1" name="ikame.docxreader.testsuite.TS_07_DocxReader_CheckAllLink_TabSort_ChuaCapQuyen" time="40.261" errors="0" timestamp="11 May 2024 02:32:32 GMT">
  <testcase classname="ikame.docxreader.testsuite.TS_07_DocxReader_CheckAllLink_TabSort_ChuaCapQuyen" name="TC_001_CheckAllLink_DocxReader_TabSort" time="40.261"/>
</testsuite> <!-- ikame.docxreader.testsuite.TS_07_DocxReader_CheckAllLink_TabSort_ChuaCapQuyen -->
