<?xml version="1.0" encoding="UTF-8"?>
<!-- Generated by org.testng.reporters.JUnitReportReporter -->
<testsuite hostname="LAPTOP-0P28SFOH" failures="0" tests="1" name="org.selenium.automationtest.testsuite.TC_Test" time="8.339" errors="0" timestamp="4 May 2024 19:26:25 GMT">
  <testcase classname="org.selenium.automationtest.testsuite.TC_Test" name="TC_001_Demo_App" time="8.339"/>
</testsuite> <!-- org.selenium.automationtest.testsuite.TC_Test -->
