<?xml version="1.0" encoding="UTF-8"?>
<!-- Generated by org.testng.reporters.JUnitReportReporter -->
<testsuite hostname="DESKTOP-QQ8RL6I" failures="0" tests="1" name="ikame.docxreader.testsuite.TS_08_DocxReader_CheckAllLink_MenuTrai" time="124.503" errors="0" timestamp="13 May 2024 01:08:02 GMT">
  <testcase classname="ikame.docxreader.testsuite.TS_08_DocxReader_CheckAllLink_MenuTrai" name="TC_001_CheckAllLink_MenuTrai" time="124.503"/>
</testsuite> <!-- ikame.docxreader.testsuite.TS_08_DocxReader_CheckAllLink_MenuTrai -->
