<?xml version="1.0" encoding="UTF-8"?>
<!-- Generated by org.testng.reporters.JUnitReportReporter -->
<testsuite hostname="DESKTOP-QQ8RL6I" failures="0" tests="1" name="ikame.docxreader.testsuite.TS_02_DocxReader_CheckAllLink_HomePage_ChuaCapQuyen" time="69.909" errors="0" timestamp="14 May 2024 01:02:22 GMT">
  <testcase classname="ikame.docxreader.testsuite.TS_02_DocxReader_CheckAllLink_HomePage_ChuaCapQuyen" name="TC_001_CheckAllLink_TabHome" time="69.909"/>
</testsuite> <!-- ikame.docxreader.testsuite.TS_02_DocxReader_CheckAllLink_HomePage_ChuaCapQuyen -->
