<?xml version="1.0" encoding="UTF-8"?>
<!-- Generated by org.testng.reporters.JUnitReportReporter -->
<testsuite hostname="DESKTOP-QQ8RL6I" failures="0" tests="1" name="org.ikame.automationtest.testsuite.TS_Ikame_TestApp" time="8.957" errors="0" timestamp="6 May 2024 10:56:38 GMT">
  <testcase classname="org.ikame.automationtest.testsuite.TS_Ikame_TestApp" name="TC_001_ikame_Check" time="8.957"/>
</testsuite> <!-- org.ikame.automationtest.testsuite.TS_Ikame_TestApp -->
