<?xml version="1.0" encoding="UTF-8"?>
<!-- Generated by org.testng.reporters.JUnitReportReporter -->
<testsuite hostname="DESKTOP-QQ8RL6I" failures="0" tests="1" name="ikame.docxreader.testsuite.TS_DocxReader_HomePage_KhongCoFile" time="50.013" errors="0" timestamp="7 May 2024 04:27:56 GMT">
  <testcase classname="ikame.docxreader.testsuite.TS_DocxReader_HomePage_KhongCoFile" name="TC_001_CheckAllLinkHomePage_ChuaCapQuyen" time="50.013"/>
</testsuite> <!-- ikame.docxreader.testsuite.TS_DocxReader_HomePage_KhongCoFile -->
