<?xml version="1.0" encoding="UTF-8"?>
<!-- Generated by org.testng.reporters.JUnitReportReporter -->
<testsuite hostname="DESKTOP-QQ8RL6I" failures="0" tests="1" name="ikame.docxreader.testsuite.TS_01_Chat_AI_Main_Screen" time="31.078" errors="0" timestamp="22 May 2024 10:25:59 GMT">
  <testcase classname="ikame.docxreader.testsuite.TS_01_Chat_AI_Main_Screen" name="TC_015_Check_AllLink_Main_Void" time="31.078"/>
</testsuite> <!-- ikame.docxreader.testsuite.TS_01_Chat_AI_Main_Screen -->
