<?xml version="1.0" encoding="UTF-8"?>
<!-- Generated by org.testng.reporters.JUnitReportReporter -->
<testsuite hostname="DESKTOP-QQ8RL6I" failures="0" tests="1" name="ikame.chatai.testsuite.TS_04_Chat_AI_Midj_Art" time="37.085" errors="0" timestamp="27 May 2024 04:11:16 GMT">
  <testcase classname="ikame.chatai.testsuite.TS_04_Chat_AI_Midj_Art" name="TC_010_Check_AllLink_Midj_Art_Wallpapers" time="37.085"/>
</testsuite> <!-- ikame.chatai.testsuite.TS_04_Chat_AI_Midj_Art -->
