<?xml version="1.0" encoding="UTF-8"?>
<!-- Generated by org.testng.reporters.JUnitReportReporter -->
<testsuite hostname="DESKTOP-QQ8RL6I" failures="0" tests="1" name="ikame.docxreader.testsuite.TS_15_DocxReader_CheckAllLink_TabTool_CapQuyen" time="97.807" errors="0" timestamp="13 May 2024 01:54:09 GMT">
  <testcase classname="ikame.docxreader.testsuite.TS_15_DocxReader_CheckAllLink_TabTool_CapQuyen" name="TC_001_CheckAllLink_Tool" time="97.807"/>
</testsuite> <!-- ikame.docxreader.testsuite.TS_15_DocxReader_CheckAllLink_TabTool_CapQuyen -->
