<?xml version="1.0" encoding="UTF-8"?>
<!-- Generated by org.testng.reporters.JUnitReportReporter -->
<testsuite hostname="DESKTOP-QQ8RL6I" failures="0" tests="1" name="ikame.docxreader.testsuite.TS_04_DocxReader_CheckAllLink_TabCreate_ChuaCapQuyen" time="80.555" errors="0" timestamp="11 May 2024 02:22:17 GMT">
  <testcase classname="ikame.docxreader.testsuite.TS_04_DocxReader_CheckAllLink_TabCreate_ChuaCapQuyen" name="TC_001_CheckAllLink_TabCreate" time="80.555"/>
</testsuite> <!-- ikame.docxreader.testsuite.TS_04_DocxReader_CheckAllLink_TabCreate_ChuaCapQuyen -->
