<?xml version="1.0" encoding="UTF-8"?>
<!-- Generated by org.testng.reporters.JUnitReportReporter -->
<testsuite hostname="DESKTOP-QQ8RL6I" failures="0" tests="1" name="ikame.docxreader.testsuite.TS_DocxReader_CheckAllLink_ChuaCapQuyen_KhongCoFile" time="103.559" errors="0" timestamp="8 May 2024 09:25:14 GMT">
  <testcase classname="ikame.docxreader.testsuite.TS_DocxReader_CheckAllLink_ChuaCapQuyen_KhongCoFile" name="TC_001_CheckAllLink_DocxReader" time="103.559"/>
</testsuite> <!-- ikame.docxreader.testsuite.TS_DocxReader_CheckAllLink_ChuaCapQuyen_KhongCoFile -->
