<?xml version="1.0" encoding="UTF-8"?>
<!-- Generated by org.testng.reporters.JUnitReportReporter -->
<testsuite hostname="DESKTOP-QQ8RL6I" failures="0" tests="1" name="ikame.docxreader.testsuite.TS_00_DocxReader_CheckAllLink_CapQuyen" time="45.370" errors="0" timestamp="9 May 2024 07:26:58 GMT">
  <testcase classname="ikame.docxreader.testsuite.TS_00_DocxReader_CheckAllLink_CapQuyen" name="TC_008_CheckAllLink_TabHome_TEXT" time="45.370"/>
</testsuite> <!-- ikame.docxreader.testsuite.TS_00_DocxReader_CheckAllLink_CapQuyen -->
