<?xml version="1.0" encoding="UTF-8"?>
<!-- Generated by org.testng.reporters.JUnitReportReporter -->
<testsuite hostname="DESKTOP-QQ8RL6I" failures="0" tests="1" name="ikame.docxreader.testsuite.TS_02_Chat_AI_Setting" time="33.284" errors="0" timestamp="22 May 2024 10:24:29 GMT">
  <testcase classname="ikame.docxreader.testsuite.TS_02_Chat_AI_Setting" name="TC_011_Check_AllLink_Setting_Send_To_Feedback" time="33.284"/>
</testsuite> <!-- ikame.docxreader.testsuite.TS_02_Chat_AI_Setting -->
