<?xml version="1.0" encoding="UTF-8"?>
<!-- Generated by org.testng.reporters.JUnitReportReporter -->
<testsuite hostname="DESKTOP-QQ8RL6I" failures="0" tests="1" name="ikame.chatai.testsuite.TS_01_Chat_AI_Main_Screen" time="81.927" errors="0" timestamp="23 May 2024 03:39:29 GMT">
  <testcase classname="ikame.chatai.testsuite.TS_01_Chat_AI_Main_Screen" name="TC_003_Check_AllLink_Main_Screen_Lich_Su_Chat_Nhieu_Hon_6_Lan" time="81.927"/>
</testsuite> <!-- ikame.chatai.testsuite.TS_01_Chat_AI_Main_Screen -->
