<?xml version="1.0" encoding="UTF-8"?>
<!-- Generated by org.testng.reporters.JUnitReportReporter -->
<testsuite hostname="DESKTOP-QQ8RL6I" failures="0" tests="1" name="ikame.docxreader.testsuite.TS_12_DocxReader_CheckAllLink_TabRecent_CapQuyen" time="45.263" errors="0" timestamp="13 May 2024 01:58:50 GMT">
  <testcase classname="ikame.docxreader.testsuite.TS_12_DocxReader_CheckAllLink_TabRecent_CapQuyen" name="TC_001_CheckAllLink_TabRecent" time="45.263"/>
</testsuite> <!-- ikame.docxreader.testsuite.TS_12_DocxReader_CheckAllLink_TabRecent_CapQuyen -->
