<?xml version="1.0" encoding="UTF-8"?>
<!-- Generated by org.testng.reporters.JUnitReportReporter -->
<testsuite hostname="DESKTOP-QQ8RL6I" failures="0" tests="1" name="ikame.docxreader.testsuite.TS_DocxReader_HomePage_CoFile" time="54.569" errors="0" timestamp="8 May 2024 01:47:14 GMT">
  <testcase classname="ikame.docxreader.testsuite.TS_DocxReader_HomePage_CoFile" name="TC_001_CheckAllLinkHomePage" time="54.569"/>
</testsuite> <!-- ikame.docxreader.testsuite.TS_DocxReader_HomePage_CoFile -->
