<?xml version="1.0" encoding="UTF-8"?>
<!-- Generated by org.testng.reporters.JUnitReportReporter -->
<testsuite hostname="DESKTOP-QQ8RL6I" failures="0" tests="1" name="ikame.docxreader.testsuite.TS_DocxReader_HomePage_ChuaCapQuyen" time="33.070" errors="0" timestamp="7 May 2024 03:17:25 GMT">
  <testcase classname="ikame.docxreader.testsuite.TS_DocxReader_HomePage_ChuaCapQuyen" name="TC_001_CheckAllLinkHomePage" time="33.070"/>
</testsuite> <!-- ikame.docxreader.testsuite.TS_DocxReader_HomePage_ChuaCapQuyen -->
