<?xml version="1.0" encoding="UTF-8"?>
<!-- Generated by org.testng.reporters.JUnitReportReporter -->
<testsuite hostname="DESKTOP-QQ8RL6I" failures="0" tests="1" name="ikame.docxreader.testsuite.TS_06_DocxReader_CheckAllLink_TabTool_ChuaCapQuyen" time="79.793" errors="0" timestamp="11 May 2024 02:25:16 GMT">
  <testcase classname="ikame.docxreader.testsuite.TS_06_DocxReader_CheckAllLink_TabTool_ChuaCapQuyen" name="TC_001_CheckAllLink_Tool" time="79.793"/>
</testsuite> <!-- ikame.docxreader.testsuite.TS_06_DocxReader_CheckAllLink_TabTool_ChuaCapQuyen -->
