<?xml version="1.0" encoding="UTF-8"?>
<!-- Generated by org.testng.reporters.JUnitReportReporter -->
<testsuite hostname="DESKTOP-QQ8RL6I" failures="0" tests="1" name="ikame.docxreader.testsuite.TS_13_DocxReader_CheckAllLink_TabCreate_CapQuyen" time="84.284" errors="0" timestamp="13 May 2024 01:30:42 GMT">
  <testcase classname="ikame.docxreader.testsuite.TS_13_DocxReader_CheckAllLink_TabCreate_CapQuyen" name="TC_001_CheckAllLink_TabCreate" time="84.284"/>
</testsuite> <!-- ikame.docxreader.testsuite.TS_13_DocxReader_CheckAllLink_TabCreate_CapQuyen -->
