<?xml version="1.0" encoding="UTF-8"?>
<!-- Generated by org.testng.reporters.JUnitReportReporter -->
<testsuite hostname="DESKTOP-QQ8RL6I" failures="0" tests="1" name="ikame.chatai.testsuite.TS_03_Chat_AI_Assistant" time="41.395" errors="0" timestamp="23 May 2024 04:57:29 GMT">
  <testcase classname="ikame.chatai.testsuite.TS_03_Chat_AI_Assistant" name="TC_048_Check_AllLink_Assistant_Halloween_Pranks" time="41.395"/>
</testsuite> <!-- ikame.chatai.testsuite.TS_03_Chat_AI_Assistant -->
