<?xml version="1.0" encoding="UTF-8"?>
<!-- Generated by org.testng.reporters.JUnitReportReporter -->
<testsuite hostname="DESKTOP-QQ8RL6I" failures="0" tests="1" name="ikame.docxreader.testsuite.TS_09_DocxReader_CheckAllLink_Premium" time="33.008" errors="0" timestamp="13 May 2024 01:08:52 GMT">
  <testcase classname="ikame.docxreader.testsuite.TS_09_DocxReader_CheckAllLink_Premium" name="TC_001_CheckAllLink_DocxReader_Premium" time="33.008"/>
</testsuite> <!-- ikame.docxreader.testsuite.TS_09_DocxReader_CheckAllLink_Premium -->
