<?xml version="1.0" encoding="UTF-8"?>
<!-- Generated by org.testng.reporters.JUnitReportReporter -->
<testsuite hostname="DESKTOP-QQ8RL6I" failures="0" tests="1" name="ikame.docxreader.testsuite.TS_03_DocxReader_CheckAllLink_TabRecent_ChuaCapQuyen" time="45.740" errors="0" timestamp="13 May 2024 02:02:20 GMT">
  <testcase classname="ikame.docxreader.testsuite.TS_03_DocxReader_CheckAllLink_TabRecent_ChuaCapQuyen" name="TC_001_CheckAllLink_TabRecent" time="45.740"/>
</testsuite> <!-- ikame.docxreader.testsuite.TS_03_DocxReader_CheckAllLink_TabRecent_ChuaCapQuyen -->
