<?xml version="1.0" encoding="UTF-8"?>
<!-- Generated by org.testng.reporters.JUnitReportReporter -->
<testsuite hostname="DESKTOP-QQ8RL6I" failures="0" tests="1" name="ikame.docxreader.testsuite.TS_14_DocxReader_CheckAllLink_TabStorage_CapQuyen" time="71.474" errors="0" timestamp="13 May 2024 01:38:43 GMT">
  <testcase classname="ikame.docxreader.testsuite.TS_14_DocxReader_CheckAllLink_TabStorage_CapQuyen" name="TC_001_CheckAllLink_Storege" time="71.474"/>
</testsuite> <!-- ikame.docxreader.testsuite.TS_14_DocxReader_CheckAllLink_TabStorage_CapQuyen -->
