<?xml version="1.0" encoding="UTF-8"?>
<!-- Generated by org.testng.reporters.JUnitReportReporter -->
<testsuite hostname="DESKTOP-QQ8RL6I" failures="0" tests="1" name="ikame.docxreader.testsuite.TS_11_DocxReader_CheckAllLink_Sort" time="143.594" errors="0" timestamp="13 May 2024 01:26:41 GMT">
  <testcase classname="ikame.docxreader.testsuite.TS_11_DocxReader_CheckAllLink_Sort" name="TC_002_CheckAllLink_DocxReader_Sort_1_File" time="143.594"/>
</testsuite> <!-- ikame.docxreader.testsuite.TS_11_DocxReader_CheckAllLink_Sort -->
