<?xml version="1.0" encoding="UTF-8"?>
<!-- Generated by org.testng.reporters.JUnitReportReporter -->
<testsuite hostname="DESKTOP-QQ8RL6I" failures="0" tests="1" name="ikame.chatai.testsuite.TS_02_Logic_Chat_AI_Midj_Art" time="72.052" errors="0" timestamp="31 May 2024 03:42:25 GMT">
  <testcase classname="ikame.chatai.testsuite.TS_02_Logic_Chat_AI_Midj_Art" name="TS_029_Logic_Midj_Art_Generate_Art_Primary_Free_Tries_Left" time="72.052"/>
</testsuite> <!-- ikame.chatai.testsuite.TS_02_Logic_Chat_AI_Midj_Art -->
