<?xml version="1.0" encoding="UTF-8"?>
<!-- Generated by org.testng.reporters.JUnitReportReporter -->
<testsuite hostname="DESKTOP-QQ8RL6I" failures="0" tests="1" name="ikame.chatai.testsuite.TS_01_Logic_ChatAI_Chat" time="36.746" errors="0" timestamp="30 May 2024 02:07:16 GMT">
  <testcase classname="ikame.chatai.testsuite.TS_01_Logic_ChatAI_Chat" name="TS_038_Logic_ChatAI_Mic" time="36.746"/>
</testsuite> <!-- ikame.chatai.testsuite.TS_01_Logic_ChatAI_Chat -->
