<?xml version="1.0" encoding="UTF-8"?>
<!-- Generated by org.testng.reporters.JUnitReportReporter -->
<testsuite hostname="DESKTOP-QQ8RL6I" failures="0" tests="11" name="ikame.chatai.testsuite.TS_02_Chat_AI_Setting" time="348.683" errors="0" timestamp="23 May 2024 03:45:50 GMT">
  <testcase classname="ikame.chatai.testsuite.TS_02_Chat_AI_Setting" name="TC_002_Check_AllLink_Setting_Widget" time="34.589"/>
  <testcase classname="ikame.chatai.testsuite.TS_02_Chat_AI_Setting" name="TC_007_Check_AllLink_Setting_Term_Of_Use" time="33.937"/>
  <testcase classname="ikame.chatai.testsuite.TS_02_Chat_AI_Setting" name="TC_009_Check_AllLink_Setting_Contacts_Support" time="32.660"/>
  <testcase classname="ikame.chatai.testsuite.TS_02_Chat_AI_Setting" name="TC_001_Check_AllLink_Setting" time="26.877"/>
  <testcase classname="ikame.chatai.testsuite.TS_02_Chat_AI_Setting" name="TC_010_Check_AllLink_Setting_Rate_App" time="33.782"/>
  <testcase classname="ikame.chatai.testsuite.TS_02_Chat_AI_Setting" name="TC_003_Check_AllLink_Setting_Bubble_Chat" time="29.386"/>
  <testcase classname="ikame.chatai.testsuite.TS_02_Chat_AI_Setting" name="TC_005_Check_AllLink_Setting_About_Us" time="32.617"/>
  <testcase classname="ikame.chatai.testsuite.TS_02_Chat_AI_Setting" name="TC_008_Check_AllLink_Setting_Language" time="30.691"/>
  <testcase classname="ikame.chatai.testsuite.TS_02_Chat_AI_Setting" name="TC_011_Check_AllLink_Setting_Send_To_Feedback" time="34.242"/>
  <testcase classname="ikame.chatai.testsuite.TS_02_Chat_AI_Setting" name="TC_004_Check_AllLink_Setting_Restore_Purchase" time="26.285"/>
  <testcase classname="ikame.chatai.testsuite.TS_02_Chat_AI_Setting" name="TC_006_Check_AllLink_Setting_Privacy_Policy" time="33.617"/>
</testsuite> <!-- ikame.chatai.testsuite.TS_02_Chat_AI_Setting -->
